2026-04-10 05:39:38,490 - INFO - ================================================================================
2026-04-10 05:39:38,490 - INFO - BILL RUSSELL PROTOCOL - PHASE 5: CONNECT TO REAL LOG SOURCES
2026-04-10 05:39:38,490 - INFO - ================================================================================
2026-04-10 05:39:38,490 - INFO - Setting up syslog, Windows Event Log, Apache/Nginx log ingestion
2026-04-10 05:39:38,490 - INFO - ================================================================================
2026-04-10 05:39:38,490 - INFO - 
Step 1: Creating log ingestion system
2026-04-10 05:39:38,490 - INFO - ----------------------------------------
2026-04-10 05:39:38,490 - INFO - Log Ingestion System initialized
2026-04-10 05:39:38,491 - INFO - Output directory: data/processed_logs
2026-04-10 05:39:38,491 - INFO - Testing log processors...
2026-04-10 05:39:38,491 - INFO -   ✓ syslog: Failed password...
2026-04-10 05:39:38,491 - INFO -   ✓ apache: 192.168.1.100 - - [01/Jan/2026:00:00:00 +0000] "GE...
2026-04-10 05:39:38,491 - INFO -   ✓ windows: EventID=4625 LogonType=3 Account=Administrator...
2026-04-10 05:39:38,491 - INFO - 
Step 2: Creating sample log monitoring
2026-04-10 05:39:38,491 - INFO - ----------------------------------------
2026-04-10 05:39:38,492 - INFO - Sample logs created in: sample_logs
2026-04-10 05:39:38,492 - INFO - Log file monitor configured: sample_logs/syslog.log (syslog)
2026-04-10 05:39:38,492 - INFO - Started monitoring sample_logs/syslog.log
2026-04-10 05:39:38,492 - INFO - Log file monitor configured: sample_logs/apache_access.log (apache)
2026-04-10 05:39:38,492 - INFO - Started monitoring sample_logs/apache_access.log
2026-04-10 05:39:38,492 - INFO - Log file monitor configured: sample_logs/windows_events.log (windows)
2026-04-10 05:39:38,492 - INFO - Started monitoring sample_logs/windows_events.log
2026-04-10 05:39:38,492 - INFO - Started 3 log file monitors
2026-04-10 05:39:38,492 - INFO - 
Step 3: Setting up syslog server (simulated)
2026-04-10 05:39:38,492 - INFO - ----------------------------------------
2026-04-10 05:39:38,492 - INFO - Syslog server configured: 127.0.0.1:1514
2026-04-10 05:39:38,492 - INFO - Syslog server started on 127.0.0.1:1514
2026-04-10 05:39:38,492 - INFO - Syslog server started on 127.0.0.1:1514
2026-04-10 05:39:38,492 - INFO - Send test logs with: logger -n 127.0.0.1 -P 1514 'Test message'
2026-04-10 05:39:38,492 - INFO - 
Step 4: Creating real-time processing pipeline
2026-04-10 05:39:38,492 - INFO - ----------------------------------------
2026-04-10 05:39:38,493 - INFO - Pipeline configuration saved to: config/log_pipeline.json
2026-04-10 05:39:38,493 - INFO - 
Step 5: Testing with system logs
2026-04-10 05:39:38,493 - INFO - ----------------------------------------
2026-04-10 05:39:38,493 - INFO - Checking for system log files...
2026-04-10 05:39:38,493 - INFO -   ✗ Not found: /var/log/syslog
2026-04-10 05:39:38,493 - INFO -   ✗ Not found: /var/log/auth.log
2026-04-10 05:39:38,494 - INFO -   ✗ Not found: /var/log/apache2/access.log
2026-04-10 05:39:38,494 - INFO -   ✗ Not found: /var/log/nginx/access.log
2026-04-10 05:39:38,494 - INFO - 
Processing logs for 10 seconds...
2026-04-10 05:39:48,504 - INFO - Stopped monitoring sample_logs/syslog.log
2026-04-10 05:39:48,506 - INFO - Stopped monitoring sample_logs/apache_access.log
2026-04-10 05:39:48,506 - INFO - Stopped monitoring sample_logs/windows_events.log
2026-04-10 05:39:48,506 - INFO - Syslog server stopped
2026-04-10 05:39:48,507 - INFO - 
Step 6: Creating Phase 5 completion report
2026-04-10 05:39:48,507 - INFO - ----------------------------------------
