2026-04-10 05:40:13,926 - INFO - ================================================================================
2026-04-10 05:40:13,926 - INFO - BILL RUSSELL PROTOCOL - PHASE 5: CONNECT TO REAL LOG SOURCES
2026-04-10 05:40:13,926 - INFO - ================================================================================
2026-04-10 05:40:13,926 - INFO - Setting up syslog, Windows Event Log, Apache/Nginx log ingestion
2026-04-10 05:40:13,926 - INFO - ================================================================================
2026-04-10 05:40:13,926 - INFO - 
Step 1: Creating log ingestion system
2026-04-10 05:40:13,926 - INFO - ----------------------------------------
2026-04-10 05:40:13,926 - INFO - Log Ingestion System initialized
2026-04-10 05:40:13,926 - INFO - Output directory: data/processed_logs
2026-04-10 05:40:13,926 - INFO - Testing log processors...
2026-04-10 05:40:13,926 - INFO -   ✓ syslog: Failed password...
2026-04-10 05:40:13,927 - INFO -   ✓ apache: 192.168.1.100 - - [01/Jan/2026:00:00:00 +0000] "GE...
2026-04-10 05:40:13,927 - INFO -   ✓ windows: EventID=4625 LogonType=3 Account=Administrator...
2026-04-10 05:40:13,927 - INFO - 
Step 2: Creating sample log monitoring
2026-04-10 05:40:13,927 - INFO - ----------------------------------------
2026-04-10 05:40:13,927 - INFO - Sample logs created in: sample_logs
2026-04-10 05:40:13,927 - INFO - Log file monitor configured: sample_logs/syslog.log (syslog)
2026-04-10 05:40:13,927 - INFO - Started monitoring sample_logs/syslog.log
2026-04-10 05:40:13,927 - INFO - Log file monitor configured: sample_logs/apache_access.log (apache)
2026-04-10 05:40:13,927 - INFO - Started monitoring sample_logs/apache_access.log
2026-04-10 05:40:13,927 - INFO - Log file monitor configured: sample_logs/windows_events.log (windows)
2026-04-10 05:40:13,927 - INFO - Started monitoring sample_logs/windows_events.log
2026-04-10 05:40:13,927 - INFO - Started 3 log file monitors
2026-04-10 05:40:13,927 - INFO - 
Step 3: Setting up syslog server (simulated)
2026-04-10 05:40:13,928 - INFO - ----------------------------------------
2026-04-10 05:40:13,928 - INFO - Syslog server configured: 127.0.0.1:1514
2026-04-10 05:40:13,928 - INFO - Syslog server started on 127.0.0.1:1514
2026-04-10 05:40:13,928 - INFO - Syslog server started on 127.0.0.1:1514
2026-04-10 05:40:13,928 - INFO - Send test logs with: logger -n 127.0.0.1 -P 1514 'Test message'
2026-04-10 05:40:13,928 - INFO - 
Step 4: Creating real-time processing pipeline
2026-04-10 05:40:13,928 - INFO - ----------------------------------------
2026-04-10 05:40:13,928 - INFO - Pipeline configuration saved to: config/log_pipeline.json
2026-04-10 05:40:13,928 - INFO - 
Step 5: Testing with system logs
2026-04-10 05:40:13,928 - INFO - ----------------------------------------
2026-04-10 05:40:13,928 - INFO - Checking for system log files...
2026-04-10 05:40:13,928 - INFO -   ✗ Not found: /var/log/syslog
2026-04-10 05:40:13,928 - INFO -   ✗ Not found: /var/log/auth.log
2026-04-10 05:40:13,928 - INFO -   ✗ Not found: /var/log/apache2/access.log
2026-04-10 05:40:13,928 - INFO -   ✗ Not found: /var/log/nginx/access.log
2026-04-10 05:40:13,929 - INFO - 
Processing logs for 10 seconds...
2026-04-10 05:40:23,939 - INFO - Stopped monitoring sample_logs/syslog.log
2026-04-10 05:40:23,940 - INFO - Stopped monitoring sample_logs/apache_access.log
2026-04-10 05:40:23,940 - INFO - Stopped monitoring sample_logs/windows_events.log
2026-04-10 05:40:23,941 - INFO - Syslog server stopped
2026-04-10 05:40:23,941 - INFO - 
Step 6: Creating Phase 5 completion report
2026-04-10 05:40:23,941 - INFO - ----------------------------------------
2026-04-10 05:40:23,943 - INFO - Phase 5 completion report: data/processed_logs/phase5_completion_report.json
2026-04-10 05:40:23,943 - INFO - 
================================================================================
2026-04-10 05:40:23,943 - INFO - PHASE 5 COMPLETE - REAL LOG SOURCES CONNECTED
2026-04-10 05:40:23,943 - INFO - ================================================================================
2026-04-10 05:40:23,943 - INFO - ✓ Log ingestion system created
2026-04-10 05:40:23,944 - INFO - ✓ 3 log sources monitored
2026-04-10 05:40:23,944 - INFO - ✓ 0 logs processed
2026-04-10 05:40:23,944 - INFO - ✓ Real-time pipeline configured
2026-04-10 05:40:23,944 - INFO - ✓ Integration with Bill Russell Protocol ready
2026-04-10 05:40:23,944 - INFO - ================================================================================
2026-04-10 05:40:23,944 - INFO - 
PRODUCTION DEPLOYMENT:
2026-04-10 05:40:23,944 - INFO -   1. Configure syslog: Forward to 127.0.0.1:1514
2026-04-10 05:40:23,944 - INFO -   2. Monitor: /var/log/*, Apache, Nginx, Windows Event Logs
2026-04-10 05:40:23,944 - INFO -   3. Process: Real-time with threat detection
2026-04-10 05:40:23,945 - INFO -   4. Output: data/processed_logs/
2026-04-10 05:40:23,945 - INFO - ================================================================================
2026-04-10 05:40:23,945 - INFO - 
Next: Proceed to Phase 6: Integrate Telegram alerts
2026-04-10 05:40:23,945 - INFO - ================================================================================
