2026-04-10 05:43:16,495 - INFO - ================================================================================
2026-04-10 05:43:16,495 - INFO - BILL RUSSELL PROTOCOL - PHASE 6: INTEGRATE TELEGRAM ALERTS
2026-04-10 05:43:16,495 - INFO - ================================================================================
2026-04-10 05:43:16,495 - INFO - Create Telegram bot for threat notifications
2026-04-10 05:43:16,495 - INFO - ================================================================================
2026-04-10 05:43:16,495 - INFO - 
Step 1: Creating Telegram bot configuration
2026-04-10 05:43:16,495 - INFO - ----------------------------------------
2026-04-10 05:43:16,496 - INFO - Sample bot configuration saved to: config/telegram_bot_config.json
2026-04-10 05:43:16,496 - WARNING - Using placeholder bot token - set TELEGRAM_BOT_TOKEN environment variable
2026-04-10 05:43:16,496 - INFO - To create a real bot:
2026-04-10 05:43:16,496 - INFO -   1. Message @BotFather on Telegram
2026-04-10 05:43:16,496 - INFO -   2. Use /newbot command
2026-04-10 05:43:16,496 - INFO -   3. Get your bot token
2026-04-10 05:43:16,496 - INFO -   4. Set TELEGRAM_BOT_TOKEN environment variable
2026-04-10 05:43:16,496 - INFO - 
Step 2: Initializing Telegram bot
2026-04-10 05:43:16,496 - INFO - ----------------------------------------
2026-04-10 05:43:16,830 - ERROR - Connection test failed: 404 - {"ok":false,"error_code":404,"description":"Not Found"}
2026-04-10 05:43:16,832 - WARNING - Telegram bot connection test failed
2026-04-10 05:43:16,833 - INFO - 
Step 3: Testing alert delivery
2026-04-10 05:43:16,833 - INFO - ----------------------------------------
2026-04-10 05:43:16,833 - INFO - Sending test alert...
2026-04-10 05:43:17,175 - ERROR - Failed to send alert: 404 - {"ok":false,"error_code":404,"description":"Not Found"}
2026-04-10 05:43:17,179 - WARNING - ⚠️ Test alert failed (expected with placeholder token)
2026-04-10 05:43:17,179 - INFO -    Error: HTTP 404
2026-04-10 05:43:17,179 - INFO -    This is expected with placeholder credentials
2026-04-10 05:43:17,179 - INFO - 
Step 4: Creating Alert Manager
2026-04-10 05:43:17,179 - INFO - ----------------------------------------
2026-04-10 05:43:17,179 - INFO - Alert Manager initialized
2026-04-10 05:43:17,179 - INFO - Alert Manager started
2026-04-10 05:43:17,179 - INFO - Alert Manager started with queue processing
2026-04-10 05:43:17,180 - INFO - 
Step 5: Creating sample threat alerts
2026-04-10 05:43:17,180 - INFO - ----------------------------------------
2026-04-10 05:43:17,180 - INFO - Creating sample threat alerts...
2026-04-10 05:43:17,180 - INFO -   Queued: Mythos Pattern Detected (HIGH)
2026-04-10 05:43:17,180 - INFO -   Queued: Multiple Failed Authentication Attempts (MEDIUM)
2026-04-10 05:43:17,180 - INFO -   Queued: Potential Zero-Day Exploit Attempt (CRITICAL)
2026-04-10 05:43:17,180 - INFO - 
Processing alerts for 5 seconds...
2026-04-10 05:43:18,201 - ERROR - Failed to send alert: 404 - {"ok":false,"error_code":404,"description":"Not Found"}
2026-04-10 05:43:18,204 - WARNING - Alert failed: HTTP 404
2026-04-10 05:43:19,199 - ERROR - Failed to send alert: 404 - {"ok":false,"error_code":404,"description":"Not Found"}
2026-04-10 05:43:19,202 - WARNING - Alert failed: HTTP 404
2026-04-10 05:43:20,200 - ERROR - Failed to send alert: 404 - {"ok":false,"error_code":404,"description":"Not Found"}
2026-04-10 05:43:20,204 - WARNING - Alert failed: HTTP 404
2026-04-10 05:43:22,190 - INFO - 
Step 6: Getting alert statistics
2026-04-10 05:43:22,191 - INFO - ----------------------------------------
2026-04-10 05:43:22,191 - INFO - Total alerts: 4
2026-04-10 05:43:22,191 - INFO - Successful deliveries: 0
2026-04-10 05:43:22,192 - INFO - Failed deliveries: 4
2026-04-10 05:43:22,192 - INFO - Success rate: 0.0%
2026-04-10 05:43:22,192 - INFO - Alerts by severity:
2026-04-10 05:43:22,192 - INFO -   MEDIUM: 2
2026-04-10 05:43:22,192 - INFO -   HIGH: 1
2026-04-10 05:43:22,193 - INFO -   CRITICAL: 1
2026-04-10 05:43:22,193 - INFO - 
Step 7: Creating integration bridge
2026-04-10 05:43:22,193 - INFO - ----------------------------------------
